<?xml version="1.0" encoding="UTF-8"?>
<!-- Generated by org.testng.reporters.JUnitReportReporter -->
<testsuite hostname="LAPTOP-GM7VDU2O" failures="0" tests="1" name="com.herokuapp.theinternet.PositiveTest" time="21.163" errors="0" timestamp="2022-07-22T19:48:14 IST" skipped="0">
  <testcase classname="com.herokuapp.theinternet.PositiveTest" name="loginTest" time="21.163"/>
  <system-out/>
</testsuite> <!-- com.herokuapp.theinternet.PositiveTest -->
