<?xml version="1.0" encoding="UTF-8"?>
<!-- Generated by org.testng.reporters.JUnitReportReporter -->
<testsuite hostname="DESKTOP-IF4926E" failures="0" tests="2" name="com.herokuapp.theinternet.PositiveTest" time="65.579" errors="0" timestamp="2022-07-24T14:13:15 IST" skipped="0">
  <testcase classname="com.herokuapp.theinternet.PositiveTest" name="loginTest" time="65.571"/>
  <system-out/>
  <testcase classname="com.herokuapp.theinternet.PositiveTest" name="loginPageTitleTest" time="0.008"/>
  <system-out/>
</testsuite> <!-- com.herokuapp.theinternet.PositiveTest -->
