<?xml version="1.0" encoding="UTF-8"?>
<!-- Generated by org.testng.reporters.JUnitReportReporter -->
<testsuite hostname="DESKTOP-IF4926E" failures="0" tests="1" name="NewTest" time="0.023" errors="0" timestamp="2022-07-24T12:44:14 IST" skipped="0">
  <testcase classname="NewTest" name="f" time="0.023"/>
  <system-out/>
</testsuite> <!-- NewTest -->
